<!--suppress JpaConfigDomFacetInspection -->
<persistence version="2.1" xmlns="http://xmlns.jcp.org/xml/ns/persistence"
        xmlns:xsi="http://www.w3.org/2001/XMLSchema-instance"
        xsi:schemaLocation="http://xmlns.jcp.org/xml/ns/persistence http://xmlns.jcp.org/xml/ns/persistence/persistence_2_1.xsd">
    <persistence-unit name="SecretAgentPU">
        <provider>org.datanucleus.api.jpa.PersistenceProviderImpl</provider>
        <!--
        <provider>org.eclipse.persistence.jpa.PersistenceProvider</provider>
        -->
        <jta-data-source>SecretAgentDS</jta-data-source>
        <class>org.apache.tomee.datanucleus.domain.Agent</class>
        <exclude-unlisted-classes>true</exclude-unlisted-classes>
        <properties>
            <property name="javax.persistence.schema-generation.database.action" value="create"/>

            <!--
            <property name="javax.persistence.jdbc.driver" value="org.hsqldb.jdbcDriver"/>
            <property name="javax.persistence.jdbc.url" value="jdbc:hsqldb:mem:SecretAgentDB"/>
            <property name="javax.persistence.jdbc.user" value="sa"/>
            <property name="javax.persistence.jdbc.password" value=""/>
            -->

            <property name="eclipselink.logging.level" value="FINE"/>
            <property name="eclipselink.logging.parameters" value="true"/>
            <property name="eclipselink.logging.connection" value="false"/>
            <property name="eclipselink.logging.session" value="false"/>
            <property name="eclipselink.logging.thread" value="false"/>
            <property name="eclipselink.logging.timestamp" value="false"/>

            <!-- NOTE to test with OpenJPA, you must disable the DataNucleus enhancer (Maven plugin) -->
            <property name="openjpa.jdbc.SynchronizeMappings" value="buildSchema(ForeignKeys=true)"/>
            <property name="openjpa.Log" value="SQL=TRACE"/>
            <property name="openjpa.ConnectionFactoryProperties" value="PrintParameters=true"/>
        </properties>
    </persistence-unit>
</persistence>